<!DOCTYPE html PUBLIC "-//W3C//DTD XHTML 1.0 Transitional//EN" "http://www.w3.org/TR/xhtml1/DTD/xhtml1-transitional.dtd">
<!-- Generated by Apache Maven Doxia Site Renderer 1.4 at 2015-09-21 -->
<html xmlns="http://www.w3.org/1999/xhtml" xml:lang="en" lang="en">
  <head>
    <meta http-equiv="Content-Type" content="text/html; charset=UTF-8" />
    <title>Title_Validation_E2E - Surefire Report</title>
    <style type="text/css" media="all">
      @import url("./css/maven-base.css");
      @import url("./css/maven-theme.css");
      @import url("./css/site.css");
    </style>
    <link rel="stylesheet" href="./css/print.css" type="text/css" media="print" />
    <meta name="Date-Revision-yyyymmdd" content="20150921" />
    <meta http-equiv="Content-Language" content="en" />
        
        </head>
  <body class="composite">
    <div id="banner">
                    <div id="bannerLeft">
                Title_Validation_E2E
                </div>
                    <div class="clear">
        <hr/>
      </div>
    </div>
    <div id="breadcrumbs">
            
                    
                <div class="xleft">
        <span id="publishDate">Last Published: 2015-09-21</span>
                  &nbsp;| <span id="projectVersion">Version: 1.1</span>
                      </div>
            <div class="xright">                    <a href="./" title="Title_Validation_E2E">Title_Validation_E2E</a>
              
                    
      </div>
      <div class="clear">
        <hr/>
      </div>
    </div>
    <div id="leftColumn">
      <div id="navcolumn">
             
                    
                                          <h5>Project Documentation</h5>
                  <ul>
                                                                                                                                                                                <li class="collapsed">
                          <a href="project-info.html" title="Project Information">Project Information</a>
                  </li>
                                                                              <li class="expanded">
                          <a href="project-reports.html" title="Project Reports">Project Reports</a>
                    <ul>
                      <li class="none">
            <strong>Surefire Report</strong>
          </li>
              </ul>
        </li>
          </ul>
                             <a href="http://maven.apache.org/" title="Built by Maven" class="poweredBy">
        <img class="poweredBy" alt="Built by Maven" src="./images/logos/maven-feather.png" />
      </a>
                   
                    
            </div>
    </div>
    <div id="bodyColumn">
      <div id="contentBox">
        <script type="text/javascript">
//<![CDATA[
function toggleDisplay(elementId) {
 var elm = document.getElementById(elementId + 'error');
 if (elm && typeof elm.style != "undefined") {
 if (elm.style.display == "none") {
 elm.style.display = "";
 document.getElementById(elementId + 'off').style.display = "none";
 document.getElementById(elementId + 'on').style.display = "inline";
 } else if (elm.style.display == "") { elm.style.display = "none";
 document.getElementById(elementId + 'off').style.display = "inline";
 document.getElementById(elementId + 'on').style.display = "none";
 } 
 } 
 }
//]]>
</script>
<div class="section">
<h2>Surefire Report<a name="Surefire_Report"></a></h2></div>
<div class="section">
<h2>Summary<a name="Summary"></a></h2><a name="Summary"></a>
<p>[<a href="#Summary">Summary</a>] [<a href="#Package_List">Package List</a>] [<a href="#Test_Cases">Test Cases</a>]</p><br />
<table border="1" class="bodyTable">
<tr class="a">
<th>Tests</th>
<th>Errors </th>
<th>Failures</th>
<th>Skipped</th>
<th>Success Rate</th>
<th>Time</th></tr>
<tr class="b">
<td>22</td>
<td>0</td>
<td>13</td>
<td>0</td>
<td>40.909%</td>
<td>0.519</td></tr></table><br />
<p>Note: failures are anticipated and checked for with assertions while errors are unanticipated.</p><br /></div>
<div class="section">
<h2>Package List<a name="Package_List"></a></h2><a name="Package_List"></a>
<p>[<a href="#Summary">Summary</a>] [<a href="#Package_List">Package List</a>] [<a href="#Test_Cases">Test Cases</a>]</p><br />
<table border="1" class="bodyTable">
<tr class="a">
<th>Package</th>
<th>Tests</th>
<th>Errors </th>
<th>Failures</th>
<th>Skipped</th>
<th>Success Rate</th>
<th>Time</th></tr>
<tr class="b">
<td><a href="#core">core</a></td>
<td>22</td>
<td>0</td>
<td>13</td>
<td>0</td>
<td>40.909%</td>
<td>0.519</td></tr></table><br />
<p>Note: package statistics are not computed recursively, they only sum up all of its testsuites numbers.</p>
<div class="section">
<h3>core<a name="core"></a></h3><a name="core"></a>
<table border="1" class="bodyTable">
<tr class="a">
<th></th>
<th>Class</th>
<th>Tests</th>
<th>Errors </th>
<th>Failures</th>
<th>Skipped</th>
<th>Success Rate</th>
<th>Time</th></tr>
<tr class="b">
<td><a href="#coreValidationTest"><img src="images/icon_warning_sml.gif" alt="" /></a></td>
<td><a href="#coreValidationTest">ValidationTest</a></td>
<td>22</td>
<td>0</td>
<td>13</td>
<td>0</td>
<td>40.909%</td>
<td>0.519</td></tr></table></div><br /></div>
<div class="section">
<h2>Test Cases<a name="Test_Cases"></a></h2><a name="Test_Cases"></a>
<p>[<a href="#Summary">Summary</a>] [<a href="#Package_List">Package List</a>] [<a href="#Test_Cases">Test Cases</a>]</p>
<div class="section">
<h3>ValidationTest<a name="ValidationTest"></a></h3><a name="coreValidationTest"></a>
<table border="1" class="bodyTable">
<tr class="a">
<td><img src="images/icon_success_sml.gif" alt="" /></td>
<td>test_Title_Validation[Iteration # 0 : exp: Bloomberg Business; act: Bloomberg Business]</td>
<td>0.44</td></tr>
<tr class="b">
<td><a href="#core.ValidationTest.test_Title_Validation[Iteration # 1 : exp: Bloomberg; act: Bloomberg Business]"><img src="images/icon_error_sml.gif" alt="" /></a></td>
<td><a href="#core.ValidationTest.test_Title_Validation[Iteration # 1 : exp: Bloomberg; act: Bloomberg Business]">test_Title_Validation[Iteration # 1 : exp: Bloomberg; act: Bloomberg Business]</a>
<div class="detailToggle" style="display:inline"><a href="javascript:toggleDisplay(&apos;core_ValidationTest_test_Title_Validation[Iteration # 1 : exp: Bloomberg; act: Bloomberg Business]&apos;);"><span style="display:inline;" id="core_ValidationTest_test_Title_Validation[Iteration # 1 : exp: Bloomberg; act: Bloomberg Business]off"> + </span><span style="display:none;" id="core_ValidationTest_test_Title_Validation[Iteration # 1 : exp: Bloomberg; act: Bloomberg Business]on"> - </span>[ Detail ]</a></div></td>
<td>0.004</td></tr>
<tr class="a">
<td></td>
<td>FAILED expected:&lt;Bloomberg[]&gt; but was:&lt;Bloomberg[ Business]&gt;</td>
<td></td></tr>
<tr class="b">
<td></td>
<td>
<div id="core_ValidationTest_test_Title_Validation[Iteration # 1 : exp: Bloomberg; act: Bloomberg Business]error" style="display:none;">
<div>
<pre>org.junit.ComparisonFailure: FAILED expected:&lt;Bloomberg[]&gt; but was:&lt;Bloomberg[ Business]&gt;at org.junit.Assert.assertEquals(Assert.java:115)at core.ValidationTest.test_Title_Validation(ValidationTest.java:44)at sun.reflect.NativeMethodAccessorImpl.invoke0(Native Method)at sun.reflect.NativeMethodAccessorImpl.invoke(NativeMethodAccessorImpl.java:62)at sun.reflect.DelegatingMethodAccessorImpl.invoke(DelegatingMethodAccessorImpl.java:43)at java.lang.reflect.Method.invoke(Method.java:497)at org.junit.runners.model.FrameworkMethod$1.runReflectiveCall(FrameworkMethod.java:50)at org.junit.internal.runners.model.ReflectiveCallable.run(ReflectiveCallable.java:12)at org.junit.runners.model.FrameworkMethod.invokeExplosively(FrameworkMethod.java:47)at org.junit.internal.runners.statements.InvokeMethod.evaluate(InvokeMethod.java:17)at org.junit.runners.ParentRunner.runLeaf(ParentRunner.java:325)at org.junit.runners.BlockJUnit4ClassRunner.runChild(BlockJUnit4ClassRunner.java:78)at org.junit.runners.BlockJUnit4ClassRunner.runChild(BlockJUnit4ClassRunner.java:57)at org.junit.runners.ParentRunner$3.run(ParentRunner.java:290)at org.junit.runners.ParentRunner$1.schedule(ParentRunner.java:71)at org.junit.runners.ParentRunner.runChildren(ParentRunner.java:288)at org.junit.runners.ParentRunner.access$000(ParentRunner.java:58)at org.junit.runners.ParentRunner$2.evaluate(ParentRunner.java:268)at org.junit.runners.ParentRunner.run(ParentRunner.java:363)at org.junit.runners.Suite.runChild(Suite.java:128)at org.junit.runners.Suite.runChild(Suite.java:27)at org.junit.runners.ParentRunner$3.run(ParentRunner.java:290)at org.junit.runners.ParentRunner$1.schedule(ParentRunner.java:71)at org.junit.runners.ParentRunner.runChildren(ParentRunner.java:288)at org.junit.runners.ParentRunner.access$000(ParentRunner.java:58)at org.junit.runners.ParentRunner$2.evaluate(ParentRunner.java:268)at org.junit.internal.runners.statements.RunBefores.evaluate(RunBefores.java:26)at org.junit.runners.ParentRunner.run(ParentRunner.java:363)at org.junit.runners.Suite.runChild(Suite.java:128)at org.junit.runners.Suite.runChild(Suite.java:27)at org.junit.runners.ParentRunner$3.run(ParentRunner.java:290)at org.junit.runners.ParentRunner$1.schedule(ParentRunner.java:71)at org.junit.runners.ParentRunner.runChildren(ParentRunner.java:288)at org.junit.runners.ParentRunner.access$000(ParentRunner.java:58)at org.junit.runners.ParentRunner$2.evaluate(ParentRunner.java:268)at org.junit.runners.ParentRunner.run(ParentRunner.java:363)at org.apache.maven.surefire.junit4.JUnit4Provider.execute(JUnit4Provider.java:252)at org.apache.maven.surefire.junit4.JUnit4Provider.executeTestSet(JUnit4Provider.java:141)at org.apache.maven.surefire.junit4.JUnit4Provider.invoke(JUnit4Provider.java:112)at sun.reflect.NativeMethodAccessorImpl.invoke0(Native Method)at sun.reflect.NativeMethodAccessorImpl.invoke(NativeMethodAccessorImpl.java:62)at sun.reflect.DelegatingMethodAccessorImpl.invoke(DelegatingMethodAccessorImpl.java:43)at java.lang.reflect.Method.invoke(Method.java:497)at org.apache.maven.surefire.util.ReflectionUtils.invokeMethodWithArray(ReflectionUtils.java:189)at org.apache.maven.surefire.booter.ProviderFactory$ProviderProxy.invoke(ProviderFactory.java:165)at org.apache.maven.surefire.booter.ProviderFactory.invokeProvider(ProviderFactory.java:85)at org.apache.maven.surefire.booter.ForkedBooter.runSuitesInProcess(ForkedBooter.java:115)at org.apache.maven.surefire.booter.ForkedBooter.main(ForkedBooter.java:75)</pre></div></div></td>
<td></td></tr>
<tr class="a">
<td><img src="images/icon_success_sml.gif" alt="" /></td>
<td>test_Title_Validation[Iteration # 2 : exp: Google; act: Google]</td>
<td>0.014</td></tr>
<tr class="b">
<td><a href="#core.ValidationTest.test_Title_Validation[Iteration # 3 : exp: Googoo; act: Google]"><img src="images/icon_error_sml.gif" alt="" /></a></td>
<td><a href="#core.ValidationTest.test_Title_Validation[Iteration # 3 : exp: Googoo; act: Google]">test_Title_Validation[Iteration # 3 : exp: Googoo; act: Google]</a>
<div class="detailToggle" style="display:inline"><a href="javascript:toggleDisplay(&apos;core_ValidationTest_test_Title_Validation[Iteration # 3 : exp: Googoo; act: Google]&apos;);"><span style="display:inline;" id="core_ValidationTest_test_Title_Validation[Iteration # 3 : exp: Googoo; act: Google]off"> + </span><span style="display:none;" id="core_ValidationTest_test_Title_Validation[Iteration # 3 : exp: Googoo; act: Google]on"> - </span>[ Detail ]</a></div></td>
<td>0.003</td></tr>
<tr class="a">
<td></td>
<td>FAILED expected:&lt;Goog[oo]&gt; but was:&lt;Goog[le]&gt;</td>
<td></td></tr>
<tr class="b">
<td></td>
<td>
<div id="core_ValidationTest_test_Title_Validation[Iteration # 3 : exp: Googoo; act: Google]error" style="display:none;">
<div>
<pre>org.junit.ComparisonFailure: FAILED expected:&lt;Goog[oo]&gt; but was:&lt;Goog[le]&gt;at org.junit.Assert.assertEquals(Assert.java:115)at core.ValidationTest.test_Title_Validation(ValidationTest.java:44)at sun.reflect.NativeMethodAccessorImpl.invoke0(Native Method)at sun.reflect.NativeMethodAccessorImpl.invoke(NativeMethodAccessorImpl.java:62)at sun.reflect.DelegatingMethodAccessorImpl.invoke(DelegatingMethodAccessorImpl.java:43)at java.lang.reflect.Method.invoke(Method.java:497)at org.junit.runners.model.FrameworkMethod$1.runReflectiveCall(FrameworkMethod.java:50)at org.junit.internal.runners.model.ReflectiveCallable.run(ReflectiveCallable.java:12)at org.junit.runners.model.FrameworkMethod.invokeExplosively(FrameworkMethod.java:47)at org.junit.internal.runners.statements.InvokeMethod.evaluate(InvokeMethod.java:17)at org.junit.runners.ParentRunner.runLeaf(ParentRunner.java:325)at org.junit.runners.BlockJUnit4ClassRunner.runChild(BlockJUnit4ClassRunner.java:78)at org.junit.runners.BlockJUnit4ClassRunner.runChild(BlockJUnit4ClassRunner.java:57)at org.junit.runners.ParentRunner$3.run(ParentRunner.java:290)at org.junit.runners.ParentRunner$1.schedule(ParentRunner.java:71)at org.junit.runners.ParentRunner.runChildren(ParentRunner.java:288)at org.junit.runners.ParentRunner.access$000(ParentRunner.java:58)at org.junit.runners.ParentRunner$2.evaluate(ParentRunner.java:268)at org.junit.runners.ParentRunner.run(ParentRunner.java:363)at org.junit.runners.Suite.runChild(Suite.java:128)at org.junit.runners.Suite.runChild(Suite.java:27)at org.junit.runners.ParentRunner$3.run(ParentRunner.java:290)at org.junit.runners.ParentRunner$1.schedule(ParentRunner.java:71)at org.junit.runners.ParentRunner.runChildren(ParentRunner.java:288)at org.junit.runners.ParentRunner.access$000(ParentRunner.java:58)at org.junit.runners.ParentRunner$2.evaluate(ParentRunner.java:268)at org.junit.internal.runners.statements.RunBefores.evaluate(RunBefores.java:26)at org.junit.runners.ParentRunner.run(ParentRunner.java:363)at org.junit.runners.Suite.runChild(Suite.java:128)at org.junit.runners.Suite.runChild(Suite.java:27)at org.junit.runners.ParentRunner$3.run(ParentRunner.java:290)at org.junit.runners.ParentRunner$1.schedule(ParentRunner.java:71)at org.junit.runners.ParentRunner.runChildren(ParentRunner.java:288)at org.junit.runners.ParentRunner.access$000(ParentRunner.java:58)at org.junit.runners.ParentRunner$2.evaluate(ParentRunner.java:268)at org.junit.runners.ParentRunner.run(ParentRunner.java:363)at org.apache.maven.surefire.junit4.JUnit4Provider.execute(JUnit4Provider.java:252)at org.apache.maven.surefire.junit4.JUnit4Provider.executeTestSet(JUnit4Provider.java:141)at org.apache.maven.surefire.junit4.JUnit4Provider.invoke(JUnit4Provider.java:112)at sun.reflect.NativeMethodAccessorImpl.invoke0(Native Method)at sun.reflect.NativeMethodAccessorImpl.invoke(NativeMethodAccessorImpl.java:62)at sun.reflect.DelegatingMethodAccessorImpl.invoke(DelegatingMethodAccessorImpl.java:43)at java.lang.reflect.Method.invoke(Method.java:497)at org.apache.maven.surefire.util.ReflectionUtils.invokeMethodWithArray(ReflectionUtils.java:189)at org.apache.maven.surefire.booter.ProviderFactory$ProviderProxy.invoke(ProviderFactory.java:165)at org.apache.maven.surefire.booter.ProviderFactory.invokeProvider(ProviderFactory.java:85)at org.apache.maven.surefire.booter.ForkedBooter.runSuitesInProcess(ForkedBooter.java:115)at org.apache.maven.surefire.booter.ForkedBooter.main(ForkedBooter.java:75)</pre></div></div></td>
<td></td></tr>
<tr class="a">
<td><img src="images/icon_success_sml.gif" alt="" /></td>
<td>test_Title_Validation[Iteration # 4 : exp: Sony USA - Electronics, PlayStation, Movies, Music, Product Support; act: Sony USA - Electronics, PlayStation, Movies, Music, Product Support]</td>
<td>0.003</td></tr>
<tr class="b">
<td><a href="#core.ValidationTest.test_Title_Validation[Iteration # 5 : exp: Sony USA - Electronics, PlayStation; act: Sony USA - Electronics, PlayStation, Movies, Music, Product Support]"><img src="images/icon_error_sml.gif" alt="" /></a></td>
<td><a href="#core.ValidationTest.test_Title_Validation[Iteration # 5 : exp: Sony USA - Electronics, PlayStation; act: Sony USA - Electronics, PlayStation, Movies, Music, Product Support]">test_Title_Validation[Iteration # 5 : exp: Sony USA - Electronics, PlayStation; act: Sony USA - Electronics, PlayStation, Movies, Music, Product Support]</a>
<div class="detailToggle" style="display:inline"><a href="javascript:toggleDisplay(&apos;core_ValidationTest_test_Title_Validation[Iteration # 5 : exp: Sony USA - Electronics, PlayStation; act: Sony USA - Electronics, PlayStation, Movies, Music, Product Support]&apos;);"><span style="display:inline;" id="core_ValidationTest_test_Title_Validation[Iteration # 5 : exp: Sony USA - Electronics, PlayStation; act: Sony USA - Electronics, PlayStation, Movies, Music, Product Support]off"> + </span><span style="display:none;" id="core_ValidationTest_test_Title_Validation[Iteration # 5 : exp: Sony USA - Electronics, PlayStation; act: Sony USA - Electronics, PlayStation, Movies, Music, Product Support]on"> - </span>[ Detail ]</a></div></td>
<td>0.002</td></tr>
<tr class="a">
<td></td>
<td>FAILED expected:&lt;...tronics, PlayStation[]&gt; but was:&lt;...tronics, PlayStation[, Movies, Music, Product Support]&gt;</td>
<td></td></tr>
<tr class="b">
<td></td>
<td>
<div id="core_ValidationTest_test_Title_Validation[Iteration # 5 : exp: Sony USA - Electronics, PlayStation; act: Sony USA - Electronics, PlayStation, Movies, Music, Product Support]error" style="display:none;">
<div>
<pre>org.junit.ComparisonFailure: FAILED expected:&lt;...tronics, PlayStation[]&gt; but was:&lt;...tronics, PlayStation[, Movies, Music, Product Support]&gt;at org.junit.Assert.assertEquals(Assert.java:115)at core.ValidationTest.test_Title_Validation(ValidationTest.java:44)at sun.reflect.NativeMethodAccessorImpl.invoke0(Native Method)at sun.reflect.NativeMethodAccessorImpl.invoke(NativeMethodAccessorImpl.java:62)at sun.reflect.DelegatingMethodAccessorImpl.invoke(DelegatingMethodAccessorImpl.java:43)at java.lang.reflect.Method.invoke(Method.java:497)at org.junit.runners.model.FrameworkMethod$1.runReflectiveCall(FrameworkMethod.java:50)at org.junit.internal.runners.model.ReflectiveCallable.run(ReflectiveCallable.java:12)at org.junit.runners.model.FrameworkMethod.invokeExplosively(FrameworkMethod.java:47)at org.junit.internal.runners.statements.InvokeMethod.evaluate(InvokeMethod.java:17)at org.junit.runners.ParentRunner.runLeaf(ParentRunner.java:325)at org.junit.runners.BlockJUnit4ClassRunner.runChild(BlockJUnit4ClassRunner.java:78)at org.junit.runners.BlockJUnit4ClassRunner.runChild(BlockJUnit4ClassRunner.java:57)at org.junit.runners.ParentRunner$3.run(ParentRunner.java:290)at org.junit.runners.ParentRunner$1.schedule(ParentRunner.java:71)at org.junit.runners.ParentRunner.runChildren(ParentRunner.java:288)at org.junit.runners.ParentRunner.access$000(ParentRunner.java:58)at org.junit.runners.ParentRunner$2.evaluate(ParentRunner.java:268)at org.junit.runners.ParentRunner.run(ParentRunner.java:363)at org.junit.runners.Suite.runChild(Suite.java:128)at org.junit.runners.Suite.runChild(Suite.java:27)at org.junit.runners.ParentRunner$3.run(ParentRunner.java:290)at org.junit.runners.ParentRunner$1.schedule(ParentRunner.java:71)at org.junit.runners.ParentRunner.runChildren(ParentRunner.java:288)at org.junit.runners.ParentRunner.access$000(ParentRunner.java:58)at org.junit.runners.ParentRunner$2.evaluate(ParentRunner.java:268)at org.junit.internal.runners.statements.RunBefores.evaluate(RunBefores.java:26)at org.junit.runners.ParentRunner.run(ParentRunner.java:363)at org.junit.runners.Suite.runChild(Suite.java:128)at org.junit.runners.Suite.runChild(Suite.java:27)at org.junit.runners.ParentRunner$3.run(ParentRunner.java:290)at org.junit.runners.ParentRunner$1.schedule(ParentRunner.java:71)at org.junit.runners.ParentRunner.runChildren(ParentRunner.java:288)at org.junit.runners.ParentRunner.access$000(ParentRunner.java:58)at org.junit.runners.ParentRunner$2.evaluate(ParentRunner.java:268)at org.junit.runners.ParentRunner.run(ParentRunner.java:363)at org.apache.maven.surefire.junit4.JUnit4Provider.execute(JUnit4Provider.java:252)at org.apache.maven.surefire.junit4.JUnit4Provider.executeTestSet(JUnit4Provider.java:141)at org.apache.maven.surefire.junit4.JUnit4Provider.invoke(JUnit4Provider.java:112)at sun.reflect.NativeMethodAccessorImpl.invoke0(Native Method)at sun.reflect.NativeMethodAccessorImpl.invoke(NativeMethodAccessorImpl.java:62)at sun.reflect.DelegatingMethodAccessorImpl.invoke(DelegatingMethodAccessorImpl.java:43)at java.lang.reflect.Method.invoke(Method.java:497)at org.apache.maven.surefire.util.ReflectionUtils.invokeMethodWithArray(ReflectionUtils.java:189)at org.apache.maven.surefire.booter.ProviderFactory$ProviderProxy.invoke(ProviderFactory.java:165)at org.apache.maven.surefire.booter.ProviderFactory.invokeProvider(ProviderFactory.java:85)at org.apache.maven.surefire.booter.ForkedBooter.runSuitesInProcess(ForkedBooter.java:115)at org.apache.maven.surefire.booter.ForkedBooter.main(ForkedBooter.java:75)</pre></div></div></td>
<td></td></tr>
<tr class="a">
<td><a href="#core.ValidationTest.test_Title_Validation[Iteration # 6 : exp:    Subscription Billing and Recurring Billing Experts | Recurly ; act: Subscription Billing and Recurring Billing Experts | Recurly]"><img src="images/icon_error_sml.gif" alt="" /></a></td>
<td><a href="#core.ValidationTest.test_Title_Validation[Iteration # 6 : exp:    Subscription Billing and Recurring Billing Experts | Recurly ; act: Subscription Billing and Recurring Billing Experts | Recurly]">test_Title_Validation[Iteration # 6 : exp:    Subscription Billing and Recurring Billing Experts | Recurly ; act: Subscription Billing and Recurring Billing Experts | Recurly]</a>
<div class="detailToggle" style="display:inline"><a href="javascript:toggleDisplay(&apos;core_ValidationTest_test_Title_Validation[Iteration # 6 : exp:    Subscription Billing and Recurring Billing Experts | Recurly ; act: Subscription Billing and Recurring Billing Experts | Recurly]&apos;);"><span style="display:inline;" id="core_ValidationTest_test_Title_Validation[Iteration # 6 : exp:    Subscription Billing and Recurring Billing Experts | Recurly ; act: Subscription Billing and Recurring Billing Experts | Recurly]off"> + </span><span style="display:none;" id="core_ValidationTest_test_Title_Validation[Iteration # 6 : exp:    Subscription Billing and Recurring Billing Experts | Recurly ; act: Subscription Billing and Recurring Billing Experts | Recurly]on"> - </span>[ Detail ]</a></div></td>
<td>0.002</td></tr>
<tr class="b">
<td></td>
<td>FAILED expected:&lt;[   Subscription Billing and Recurring Billing Experts | Recurly ]&gt; but was:&lt;[Subscription Billing and Recurring Billing Experts | Recurly]&gt;</td>
<td></td></tr>
<tr class="a">
<td></td>
<td>
<div id="core_ValidationTest_test_Title_Validation[Iteration # 6 : exp:    Subscription Billing and Recurring Billing Experts | Recurly ; act: Subscription Billing and Recurring Billing Experts | Recurly]error" style="display:none;">
<div>
<pre>org.junit.ComparisonFailure: FAILED expected:&lt;[   Subscription Billing and Recurring Billing Experts | Recurly ]&gt; but was:&lt;[Subscription Billing and Recurring Billing Experts | Recurly]&gt;at org.junit.Assert.assertEquals(Assert.java:115)at core.ValidationTest.test_Title_Validation(ValidationTest.java:44)at sun.reflect.NativeMethodAccessorImpl.invoke0(Native Method)at sun.reflect.NativeMethodAccessorImpl.invoke(NativeMethodAccessorImpl.java:62)at sun.reflect.DelegatingMethodAccessorImpl.invoke(DelegatingMethodAccessorImpl.java:43)at java.lang.reflect.Method.invoke(Method.java:497)at org.junit.runners.model.FrameworkMethod$1.runReflectiveCall(FrameworkMethod.java:50)at org.junit.internal.runners.model.ReflectiveCallable.run(ReflectiveCallable.java:12)at org.junit.runners.model.FrameworkMethod.invokeExplosively(FrameworkMethod.java:47)at org.junit.internal.runners.statements.InvokeMethod.evaluate(InvokeMethod.java:17)at org.junit.runners.ParentRunner.runLeaf(ParentRunner.java:325)at org.junit.runners.BlockJUnit4ClassRunner.runChild(BlockJUnit4ClassRunner.java:78)at org.junit.runners.BlockJUnit4ClassRunner.runChild(BlockJUnit4ClassRunner.java:57)at org.junit.runners.ParentRunner$3.run(ParentRunner.java:290)at org.junit.runners.ParentRunner$1.schedule(ParentRunner.java:71)at org.junit.runners.ParentRunner.runChildren(ParentRunner.java:288)at org.junit.runners.ParentRunner.access$000(ParentRunner.java:58)at org.junit.runners.ParentRunner$2.evaluate(ParentRunner.java:268)at org.junit.runners.ParentRunner.run(ParentRunner.java:363)at org.junit.runners.Suite.runChild(Suite.java:128)at org.junit.runners.Suite.runChild(Suite.java:27)at org.junit.runners.ParentRunner$3.run(ParentRunner.java:290)at org.junit.runners.ParentRunner$1.schedule(ParentRunner.java:71)at org.junit.runners.ParentRunner.runChildren(ParentRunner.java:288)at org.junit.runners.ParentRunner.access$000(ParentRunner.java:58)at org.junit.runners.ParentRunner$2.evaluate(ParentRunner.java:268)at org.junit.internal.runners.statements.RunBefores.evaluate(RunBefores.java:26)at org.junit.runners.ParentRunner.run(ParentRunner.java:363)at org.junit.runners.Suite.runChild(Suite.java:128)at org.junit.runners.Suite.runChild(Suite.java:27)at org.junit.runners.ParentRunner$3.run(ParentRunner.java:290)at org.junit.runners.ParentRunner$1.schedule(ParentRunner.java:71)at org.junit.runners.ParentRunner.runChildren(ParentRunner.java:288)at org.junit.runners.ParentRunner.access$000(ParentRunner.java:58)at org.junit.runners.ParentRunner$2.evaluate(ParentRunner.java:268)at org.junit.runners.ParentRunner.run(ParentRunner.java:363)at org.apache.maven.surefire.junit4.JUnit4Provider.execute(JUnit4Provider.java:252)at org.apache.maven.surefire.junit4.JUnit4Provider.executeTestSet(JUnit4Provider.java:141)at org.apache.maven.surefire.junit4.JUnit4Provider.invoke(JUnit4Provider.java:112)at sun.reflect.NativeMethodAccessorImpl.invoke0(Native Method)at sun.reflect.NativeMethodAccessorImpl.invoke(NativeMethodAccessorImpl.java:62)at sun.reflect.DelegatingMethodAccessorImpl.invoke(DelegatingMethodAccessorImpl.java:43)at java.lang.reflect.Method.invoke(Method.java:497)at org.apache.maven.surefire.util.ReflectionUtils.invokeMethodWithArray(ReflectionUtils.java:189)at org.apache.maven.surefire.booter.ProviderFactory$ProviderProxy.invoke(ProviderFactory.java:165)at org.apache.maven.surefire.booter.ProviderFactory.invokeProvider(ProviderFactory.java:85)at org.apache.maven.surefire.booter.ForkedBooter.runSuitesInProcess(ForkedBooter.java:115)at org.apache.maven.surefire.booter.ForkedBooter.main(ForkedBooter.java:75)</pre></div></div></td>
<td></td></tr>
<tr class="b">
<td><img src="images/icon_success_sml.gif" alt="" /></td>
<td>test_Title_Validation[Iteration # 7 : exp: Subscription Billing and Recurring Billing Experts | Recurly; act: Subscription Billing and Recurring Billing Experts | Recurly]</td>
<td>0.003</td></tr>
<tr class="a">
<td><img src="images/icon_success_sml.gif" alt="" /></td>
<td>test_Title_Validation[Iteration # 8 : exp: Stack Overflow; act: Stack Overflow]</td>
<td>0.002</td></tr>
<tr class="b">
<td><a href="#core.ValidationTest.test_Title_Validation[Iteration # 9 : exp: Stack Overflowed; act: Stack Overflow]"><img src="images/icon_error_sml.gif" alt="" /></a></td>
<td><a href="#core.ValidationTest.test_Title_Validation[Iteration # 9 : exp: Stack Overflowed; act: Stack Overflow]">test_Title_Validation[Iteration # 9 : exp: Stack Overflowed; act: Stack Overflow]</a>
<div class="detailToggle" style="display:inline"><a href="javascript:toggleDisplay(&apos;core_ValidationTest_test_Title_Validation[Iteration # 9 : exp: Stack Overflowed; act: Stack Overflow]&apos;);"><span style="display:inline;" id="core_ValidationTest_test_Title_Validation[Iteration # 9 : exp: Stack Overflowed; act: Stack Overflow]off"> + </span><span style="display:none;" id="core_ValidationTest_test_Title_Validation[Iteration # 9 : exp: Stack Overflowed; act: Stack Overflow]on"> - </span>[ Detail ]</a></div></td>
<td>0.002</td></tr>
<tr class="a">
<td></td>
<td>FAILED expected:&lt;Stack Overflow[ed]&gt; but was:&lt;Stack Overflow[]&gt;</td>
<td></td></tr>
<tr class="b">
<td></td>
<td>
<div id="core_ValidationTest_test_Title_Validation[Iteration # 9 : exp: Stack Overflowed; act: Stack Overflow]error" style="display:none;">
<div>
<pre>org.junit.ComparisonFailure: FAILED expected:&lt;Stack Overflow[ed]&gt; but was:&lt;Stack Overflow[]&gt;at org.junit.Assert.assertEquals(Assert.java:115)at core.ValidationTest.test_Title_Validation(ValidationTest.java:44)at sun.reflect.NativeMethodAccessorImpl.invoke0(Native Method)at sun.reflect.NativeMethodAccessorImpl.invoke(NativeMethodAccessorImpl.java:62)at sun.reflect.DelegatingMethodAccessorImpl.invoke(DelegatingMethodAccessorImpl.java:43)at java.lang.reflect.Method.invoke(Method.java:497)at org.junit.runners.model.FrameworkMethod$1.runReflectiveCall(FrameworkMethod.java:50)at org.junit.internal.runners.model.ReflectiveCallable.run(ReflectiveCallable.java:12)at org.junit.runners.model.FrameworkMethod.invokeExplosively(FrameworkMethod.java:47)at org.junit.internal.runners.statements.InvokeMethod.evaluate(InvokeMethod.java:17)at org.junit.runners.ParentRunner.runLeaf(ParentRunner.java:325)at org.junit.runners.BlockJUnit4ClassRunner.runChild(BlockJUnit4ClassRunner.java:78)at org.junit.runners.BlockJUnit4ClassRunner.runChild(BlockJUnit4ClassRunner.java:57)at org.junit.runners.ParentRunner$3.run(ParentRunner.java:290)at org.junit.runners.ParentRunner$1.schedule(ParentRunner.java:71)at org.junit.runners.ParentRunner.runChildren(ParentRunner.java:288)at org.junit.runners.ParentRunner.access$000(ParentRunner.java:58)at org.junit.runners.ParentRunner$2.evaluate(ParentRunner.java:268)at org.junit.runners.ParentRunner.run(ParentRunner.java:363)at org.junit.runners.Suite.runChild(Suite.java:128)at org.junit.runners.Suite.runChild(Suite.java:27)at org.junit.runners.ParentRunner$3.run(ParentRunner.java:290)at org.junit.runners.ParentRunner$1.schedule(ParentRunner.java:71)at org.junit.runners.ParentRunner.runChildren(ParentRunner.java:288)at org.junit.runners.ParentRunner.access$000(ParentRunner.java:58)at org.junit.runners.ParentRunner$2.evaluate(ParentRunner.java:268)at org.junit.internal.runners.statements.RunBefores.evaluate(RunBefores.java:26)at org.junit.runners.ParentRunner.run(ParentRunner.java:363)at org.junit.runners.Suite.runChild(Suite.java:128)at org.junit.runners.Suite.runChild(Suite.java:27)at org.junit.runners.ParentRunner$3.run(ParentRunner.java:290)at org.junit.runners.ParentRunner$1.schedule(ParentRunner.java:71)at org.junit.runners.ParentRunner.runChildren(ParentRunner.java:288)at org.junit.runners.ParentRunner.access$000(ParentRunner.java:58)at org.junit.runners.ParentRunner$2.evaluate(ParentRunner.java:268)at org.junit.runners.ParentRunner.run(ParentRunner.java:363)at org.apache.maven.surefire.junit4.JUnit4Provider.execute(JUnit4Provider.java:252)at org.apache.maven.surefire.junit4.JUnit4Provider.executeTestSet(JUnit4Provider.java:141)at org.apache.maven.surefire.junit4.JUnit4Provider.invoke(JUnit4Provider.java:112)at sun.reflect.NativeMethodAccessorImpl.invoke0(Native Method)at sun.reflect.NativeMethodAccessorImpl.invoke(NativeMethodAccessorImpl.java:62)at sun.reflect.DelegatingMethodAccessorImpl.invoke(DelegatingMethodAccessorImpl.java:43)at java.lang.reflect.Method.invoke(Method.java:497)at org.apache.maven.surefire.util.ReflectionUtils.invokeMethodWithArray(ReflectionUtils.java:189)at org.apache.maven.surefire.booter.ProviderFactory$ProviderProxy.invoke(ProviderFactory.java:165)at org.apache.maven.surefire.booter.ProviderFactory.invokeProvider(ProviderFactory.java:85)at org.apache.maven.surefire.booter.ForkedBooter.runSuitesInProcess(ForkedBooter.java:115)at org.apache.maven.surefire.booter.ForkedBooter.main(ForkedBooter.java:75)</pre></div></div></td>
<td></td></tr>
<tr class="a">
<td><a href="#core.ValidationTest.test_Title_Validation[Iteration # 10 : exp: Electronics, Cars, Fashion, Collectibles, Coupons and More | eBay ; act: Electronics, Cars, Fashion, Collectibles, Coupons and More | eBay]"><img src="images/icon_error_sml.gif" alt="" /></a></td>
<td><a href="#core.ValidationTest.test_Title_Validation[Iteration # 10 : exp: Electronics, Cars, Fashion, Collectibles, Coupons and More | eBay ; act: Electronics, Cars, Fashion, Collectibles, Coupons and More | eBay]">test_Title_Validation[Iteration # 10 : exp: Electronics, Cars, Fashion, Collectibles, Coupons and More | eBay ; act: Electronics, Cars, Fashion, Collectibles, Coupons and More | eBay]</a>
<div class="detailToggle" style="display:inline"><a href="javascript:toggleDisplay(&apos;core_ValidationTest_test_Title_Validation[Iteration # 10 : exp: Electronics, Cars, Fashion, Collectibles, Coupons and More | eBay ; act: Electronics, Cars, Fashion, Collectibles, Coupons and More | eBay]&apos;);"><span style="display:inline;" id="core_ValidationTest_test_Title_Validation[Iteration # 10 : exp: Electronics, Cars, Fashion, Collectibles, Coupons and More | eBay ; act: Electronics, Cars, Fashion, Collectibles, Coupons and More | eBay]off"> + </span><span style="display:none;" id="core_ValidationTest_test_Title_Validation[Iteration # 10 : exp: Electronics, Cars, Fashion, Collectibles, Coupons and More | eBay ; act: Electronics, Cars, Fashion, Collectibles, Coupons and More | eBay]on"> - </span>[ Detail ]</a></div></td>
<td>0.002</td></tr>
<tr class="b">
<td></td>
<td>FAILED expected:&lt;...pons and More | eBay[ ]&gt; but was:&lt;...pons and More | eBay[]&gt;</td>
<td></td></tr>
<tr class="a">
<td></td>
<td>
<div id="core_ValidationTest_test_Title_Validation[Iteration # 10 : exp: Electronics, Cars, Fashion, Collectibles, Coupons and More | eBay ; act: Electronics, Cars, Fashion, Collectibles, Coupons and More | eBay]error" style="display:none;">
<div>
<pre>org.junit.ComparisonFailure: FAILED expected:&lt;...pons and More | eBay[ ]&gt; but was:&lt;...pons and More | eBay[]&gt;at org.junit.Assert.assertEquals(Assert.java:115)at core.ValidationTest.test_Title_Validation(ValidationTest.java:44)at sun.reflect.NativeMethodAccessorImpl.invoke0(Native Method)at sun.reflect.NativeMethodAccessorImpl.invoke(NativeMethodAccessorImpl.java:62)at sun.reflect.DelegatingMethodAccessorImpl.invoke(DelegatingMethodAccessorImpl.java:43)at java.lang.reflect.Method.invoke(Method.java:497)at org.junit.runners.model.FrameworkMethod$1.runReflectiveCall(FrameworkMethod.java:50)at org.junit.internal.runners.model.ReflectiveCallable.run(ReflectiveCallable.java:12)at org.junit.runners.model.FrameworkMethod.invokeExplosively(FrameworkMethod.java:47)at org.junit.internal.runners.statements.InvokeMethod.evaluate(InvokeMethod.java:17)at org.junit.runners.ParentRunner.runLeaf(ParentRunner.java:325)at org.junit.runners.BlockJUnit4ClassRunner.runChild(BlockJUnit4ClassRunner.java:78)at org.junit.runners.BlockJUnit4ClassRunner.runChild(BlockJUnit4ClassRunner.java:57)at org.junit.runners.ParentRunner$3.run(ParentRunner.java:290)at org.junit.runners.ParentRunner$1.schedule(ParentRunner.java:71)at org.junit.runners.ParentRunner.runChildren(ParentRunner.java:288)at org.junit.runners.ParentRunner.access$000(ParentRunner.java:58)at org.junit.runners.ParentRunner$2.evaluate(ParentRunner.java:268)at org.junit.runners.ParentRunner.run(ParentRunner.java:363)at org.junit.runners.Suite.runChild(Suite.java:128)at org.junit.runners.Suite.runChild(Suite.java:27)at org.junit.runners.ParentRunner$3.run(ParentRunner.java:290)at org.junit.runners.ParentRunner$1.schedule(ParentRunner.java:71)at org.junit.runners.ParentRunner.runChildren(ParentRunner.java:288)at org.junit.runners.ParentRunner.access$000(ParentRunner.java:58)at org.junit.runners.ParentRunner$2.evaluate(ParentRunner.java:268)at org.junit.internal.runners.statements.RunBefores.evaluate(RunBefores.java:26)at org.junit.runners.ParentRunner.run(ParentRunner.java:363)at org.junit.runners.Suite.runChild(Suite.java:128)at org.junit.runners.Suite.runChild(Suite.java:27)at org.junit.runners.ParentRunner$3.run(ParentRunner.java:290)at org.junit.runners.ParentRunner$1.schedule(ParentRunner.java:71)at org.junit.runners.ParentRunner.runChildren(ParentRunner.java:288)at org.junit.runners.ParentRunner.access$000(ParentRunner.java:58)at org.junit.runners.ParentRunner$2.evaluate(ParentRunner.java:268)at org.junit.runners.ParentRunner.run(ParentRunner.java:363)at org.apache.maven.surefire.junit4.JUnit4Provider.execute(JUnit4Provider.java:252)at org.apache.maven.surefire.junit4.JUnit4Provider.executeTestSet(JUnit4Provider.java:141)at org.apache.maven.surefire.junit4.JUnit4Provider.invoke(JUnit4Provider.java:112)at sun.reflect.NativeMethodAccessorImpl.invoke0(Native Method)at sun.reflect.NativeMethodAccessorImpl.invoke(NativeMethodAccessorImpl.java:62)at sun.reflect.DelegatingMethodAccessorImpl.invoke(DelegatingMethodAccessorImpl.java:43)at java.lang.reflect.Method.invoke(Method.java:497)at org.apache.maven.surefire.util.ReflectionUtils.invokeMethodWithArray(ReflectionUtils.java:189)at org.apache.maven.surefire.booter.ProviderFactory$ProviderProxy.invoke(ProviderFactory.java:165)at org.apache.maven.surefire.booter.ProviderFactory.invokeProvider(ProviderFactory.java:85)at org.apache.maven.surefire.booter.ForkedBooter.runSuitesInProcess(ForkedBooter.java:115)at org.apache.maven.surefire.booter.ForkedBooter.main(ForkedBooter.java:75)</pre></div></div></td>
<td></td></tr>
<tr class="b">
<td><a href="#core.ValidationTest.test_Title_Validation[Iteration # 11 : exp: Electronics, Cars, Fashion, Collectibles, Coupons and More; act: Electronics, Cars, Fashion, Collectibles, Coupons and More | eBay]"><img src="images/icon_error_sml.gif" alt="" /></a></td>
<td><a href="#core.ValidationTest.test_Title_Validation[Iteration # 11 : exp: Electronics, Cars, Fashion, Collectibles, Coupons and More; act: Electronics, Cars, Fashion, Collectibles, Coupons and More | eBay]">test_Title_Validation[Iteration # 11 : exp: Electronics, Cars, Fashion, Collectibles, Coupons and More; act: Electronics, Cars, Fashion, Collectibles, Coupons and More | eBay]</a>
<div class="detailToggle" style="display:inline"><a href="javascript:toggleDisplay(&apos;core_ValidationTest_test_Title_Validation[Iteration # 11 : exp: Electronics, Cars, Fashion, Collectibles, Coupons and More; act: Electronics, Cars, Fashion, Collectibles, Coupons and More | eBay]&apos;);"><span style="display:inline;" id="core_ValidationTest_test_Title_Validation[Iteration # 11 : exp: Electronics, Cars, Fashion, Collectibles, Coupons and More; act: Electronics, Cars, Fashion, Collectibles, Coupons and More | eBay]off"> + </span><span style="display:none;" id="core_ValidationTest_test_Title_Validation[Iteration # 11 : exp: Electronics, Cars, Fashion, Collectibles, Coupons and More; act: Electronics, Cars, Fashion, Collectibles, Coupons and More | eBay]on"> - </span>[ Detail ]</a></div></td>
<td>0.002</td></tr>
<tr class="a">
<td></td>
<td>FAILED expected:&lt;...es, Coupons and More[]&gt; but was:&lt;...es, Coupons and More[ | eBay]&gt;</td>
<td></td></tr>
<tr class="b">
<td></td>
<td>
<div id="core_ValidationTest_test_Title_Validation[Iteration # 11 : exp: Electronics, Cars, Fashion, Collectibles, Coupons and More; act: Electronics, Cars, Fashion, Collectibles, Coupons and More | eBay]error" style="display:none;">
<div>
<pre>org.junit.ComparisonFailure: FAILED expected:&lt;...es, Coupons and More[]&gt; but was:&lt;...es, Coupons and More[ | eBay]&gt;at org.junit.Assert.assertEquals(Assert.java:115)at core.ValidationTest.test_Title_Validation(ValidationTest.java:44)at sun.reflect.NativeMethodAccessorImpl.invoke0(Native Method)at sun.reflect.NativeMethodAccessorImpl.invoke(NativeMethodAccessorImpl.java:62)at sun.reflect.DelegatingMethodAccessorImpl.invoke(DelegatingMethodAccessorImpl.java:43)at java.lang.reflect.Method.invoke(Method.java:497)at org.junit.runners.model.FrameworkMethod$1.runReflectiveCall(FrameworkMethod.java:50)at org.junit.internal.runners.model.ReflectiveCallable.run(ReflectiveCallable.java:12)at org.junit.runners.model.FrameworkMethod.invokeExplosively(FrameworkMethod.java:47)at org.junit.internal.runners.statements.InvokeMethod.evaluate(InvokeMethod.java:17)at org.junit.runners.ParentRunner.runLeaf(ParentRunner.java:325)at org.junit.runners.BlockJUnit4ClassRunner.runChild(BlockJUnit4ClassRunner.java:78)at org.junit.runners.BlockJUnit4ClassRunner.runChild(BlockJUnit4ClassRunner.java:57)at org.junit.runners.ParentRunner$3.run(ParentRunner.java:290)at org.junit.runners.ParentRunner$1.schedule(ParentRunner.java:71)at org.junit.runners.ParentRunner.runChildren(ParentRunner.java:288)at org.junit.runners.ParentRunner.access$000(ParentRunner.java:58)at org.junit.runners.ParentRunner$2.evaluate(ParentRunner.java:268)at org.junit.runners.ParentRunner.run(ParentRunner.java:363)at org.junit.runners.Suite.runChild(Suite.java:128)at org.junit.runners.Suite.runChild(Suite.java:27)at org.junit.runners.ParentRunner$3.run(ParentRunner.java:290)at org.junit.runners.ParentRunner$1.schedule(ParentRunner.java:71)at org.junit.runners.ParentRunner.runChildren(ParentRunner.java:288)at org.junit.runners.ParentRunner.access$000(ParentRunner.java:58)at org.junit.runners.ParentRunner$2.evaluate(ParentRunner.java:268)at org.junit.internal.runners.statements.RunBefores.evaluate(RunBefores.java:26)at org.junit.runners.ParentRunner.run(ParentRunner.java:363)at org.junit.runners.Suite.runChild(Suite.java:128)at org.junit.runners.Suite.runChild(Suite.java:27)at org.junit.runners.ParentRunner$3.run(ParentRunner.java:290)at org.junit.runners.ParentRunner$1.schedule(ParentRunner.java:71)at org.junit.runners.ParentRunner.runChildren(ParentRunner.java:288)at org.junit.runners.ParentRunner.access$000(ParentRunner.java:58)at org.junit.runners.ParentRunner$2.evaluate(ParentRunner.java:268)at org.junit.runners.ParentRunner.run(ParentRunner.java:363)at org.apache.maven.surefire.junit4.JUnit4Provider.execute(JUnit4Provider.java:252)at org.apache.maven.surefire.junit4.JUnit4Provider.executeTestSet(JUnit4Provider.java:141)at org.apache.maven.surefire.junit4.JUnit4Provider.invoke(JUnit4Provider.java:112)at sun.reflect.NativeMethodAccessorImpl.invoke0(Native Method)at sun.reflect.NativeMethodAccessorImpl.invoke(NativeMethodAccessorImpl.java:62)at sun.reflect.DelegatingMethodAccessorImpl.invoke(DelegatingMethodAccessorImpl.java:43)at java.lang.reflect.Method.invoke(Method.java:497)at org.apache.maven.surefire.util.ReflectionUtils.invokeMethodWithArray(ReflectionUtils.java:189)at org.apache.maven.surefire.booter.ProviderFactory$ProviderProxy.invoke(ProviderFactory.java:165)at org.apache.maven.surefire.booter.ProviderFactory.invokeProvider(ProviderFactory.java:85)at org.apache.maven.surefire.booter.ForkedBooter.runSuitesInProcess(ForkedBooter.java:115)at org.apache.maven.surefire.booter.ForkedBooter.main(ForkedBooter.java:75)</pre></div></div></td>
<td></td></tr>
<tr class="a">
<td><a href="#core.ValidationTest.test_Title_Validation[Iteration # 12 : exp: Zillow: Real Estate, Apartments, Mortgage &amp; Home Values in the US; act: Real Estate, Apartments, Mortgages &amp; Home Values | Zillow]"><img src="images/icon_error_sml.gif" alt="" /></a></td>
<td><a href="#core.ValidationTest.test_Title_Validation[Iteration # 12 : exp: Zillow: Real Estate, Apartments, Mortgage &amp; Home Values in the US; act: Real Estate, Apartments, Mortgages &amp; Home Values | Zillow]">test_Title_Validation[Iteration # 12 : exp: Zillow: Real Estate, Apartments, Mortgage &amp; Home Values in the US; act: Real Estate, Apartments, Mortgages &amp; Home Values | Zillow]</a>
<div class="detailToggle" style="display:inline"><a href="javascript:toggleDisplay(&apos;core_ValidationTest_test_Title_Validation[Iteration # 12 : exp: Zillow: Real Estate, Apartments, Mortgage &amp; Home Values in the US; act: Real Estate, Apartments, Mortgages &amp; Home Values | Zillow]&apos;);"><span style="display:inline;" id="core_ValidationTest_test_Title_Validation[Iteration # 12 : exp: Zillow: Real Estate, Apartments, Mortgage &amp; Home Values in the US; act: Real Estate, Apartments, Mortgages &amp; Home Values | Zillow]off"> + </span><span style="display:none;" id="core_ValidationTest_test_Title_Validation[Iteration # 12 : exp: Zillow: Real Estate, Apartments, Mortgage &amp; Home Values in the US; act: Real Estate, Apartments, Mortgages &amp; Home Values | Zillow]on"> - </span>[ Detail ]</a></div></td>
<td>0.002</td></tr>
<tr class="b">
<td></td>
<td>FAILED expected:&lt;[Zillow: Real Estate, Apartments, Mortgage &amp; Home Values in the US]&gt; but was:&lt;[Real Estate, Apartments, Mortgages &amp; Home Values | Zillow]&gt;</td>
<td></td></tr>
<tr class="a">
<td></td>
<td>
<div id="core_ValidationTest_test_Title_Validation[Iteration # 12 : exp: Zillow: Real Estate, Apartments, Mortgage &amp; Home Values in the US; act: Real Estate, Apartments, Mortgages &amp; Home Values | Zillow]error" style="display:none;">
<div>
<pre>org.junit.ComparisonFailure: FAILED expected:&lt;[Zillow: Real Estate, Apartments, Mortgage &amp; Home Values in the US]&gt; but was:&lt;[Real Estate, Apartments, Mortgages &amp; Home Values | Zillow]&gt;at org.junit.Assert.assertEquals(Assert.java:115)at core.ValidationTest.test_Title_Validation(ValidationTest.java:44)at sun.reflect.NativeMethodAccessorImpl.invoke0(Native Method)at sun.reflect.NativeMethodAccessorImpl.invoke(NativeMethodAccessorImpl.java:62)at sun.reflect.DelegatingMethodAccessorImpl.invoke(DelegatingMethodAccessorImpl.java:43)at java.lang.reflect.Method.invoke(Method.java:497)at org.junit.runners.model.FrameworkMethod$1.runReflectiveCall(FrameworkMethod.java:50)at org.junit.internal.runners.model.ReflectiveCallable.run(ReflectiveCallable.java:12)at org.junit.runners.model.FrameworkMethod.invokeExplosively(FrameworkMethod.java:47)at org.junit.internal.runners.statements.InvokeMethod.evaluate(InvokeMethod.java:17)at org.junit.runners.ParentRunner.runLeaf(ParentRunner.java:325)at org.junit.runners.BlockJUnit4ClassRunner.runChild(BlockJUnit4ClassRunner.java:78)at org.junit.runners.BlockJUnit4ClassRunner.runChild(BlockJUnit4ClassRunner.java:57)at org.junit.runners.ParentRunner$3.run(ParentRunner.java:290)at org.junit.runners.ParentRunner$1.schedule(ParentRunner.java:71)at org.junit.runners.ParentRunner.runChildren(ParentRunner.java:288)at org.junit.runners.ParentRunner.access$000(ParentRunner.java:58)at org.junit.runners.ParentRunner$2.evaluate(ParentRunner.java:268)at org.junit.runners.ParentRunner.run(ParentRunner.java:363)at org.junit.runners.Suite.runChild(Suite.java:128)at org.junit.runners.Suite.runChild(Suite.java:27)at org.junit.runners.ParentRunner$3.run(ParentRunner.java:290)at org.junit.runners.ParentRunner$1.schedule(ParentRunner.java:71)at org.junit.runners.ParentRunner.runChildren(ParentRunner.java:288)at org.junit.runners.ParentRunner.access$000(ParentRunner.java:58)at org.junit.runners.ParentRunner$2.evaluate(ParentRunner.java:268)at org.junit.internal.runners.statements.RunBefores.evaluate(RunBefores.java:26)at org.junit.runners.ParentRunner.run(ParentRunner.java:363)at org.junit.runners.Suite.runChild(Suite.java:128)at org.junit.runners.Suite.runChild(Suite.java:27)at org.junit.runners.ParentRunner$3.run(ParentRunner.java:290)at org.junit.runners.ParentRunner$1.schedule(ParentRunner.java:71)at org.junit.runners.ParentRunner.runChildren(ParentRunner.java:288)at org.junit.runners.ParentRunner.access$000(ParentRunner.java:58)at org.junit.runners.ParentRunner$2.evaluate(ParentRunner.java:268)at org.junit.runners.ParentRunner.run(ParentRunner.java:363)at org.apache.maven.surefire.junit4.JUnit4Provider.execute(JUnit4Provider.java:252)at org.apache.maven.surefire.junit4.JUnit4Provider.executeTestSet(JUnit4Provider.java:141)at org.apache.maven.surefire.junit4.JUnit4Provider.invoke(JUnit4Provider.java:112)at sun.reflect.NativeMethodAccessorImpl.invoke0(Native Method)at sun.reflect.NativeMethodAccessorImpl.invoke(NativeMethodAccessorImpl.java:62)at sun.reflect.DelegatingMethodAccessorImpl.invoke(DelegatingMethodAccessorImpl.java:43)at java.lang.reflect.Method.invoke(Method.java:497)at org.apache.maven.surefire.util.ReflectionUtils.invokeMethodWithArray(ReflectionUtils.java:189)at org.apache.maven.surefire.booter.ProviderFactory$ProviderProxy.invoke(ProviderFactory.java:165)at org.apache.maven.surefire.booter.ProviderFactory.invokeProvider(ProviderFactory.java:85)at org.apache.maven.surefire.booter.ForkedBooter.runSuitesInProcess(ForkedBooter.java:115)at org.apache.maven.surefire.booter.ForkedBooter.main(ForkedBooter.java:75)</pre></div></div></td>
<td></td></tr>
<tr class="b">
<td><a href="#core.ValidationTest.test_Title_Validation[Iteration # 13 : exp: Zillow: Real Estate, Apartments, Mortgage &amp; Home Values; act: Real Estate, Apartments, Mortgages &amp; Home Values | Zillow]"><img src="images/icon_error_sml.gif" alt="" /></a></td>
<td><a href="#core.ValidationTest.test_Title_Validation[Iteration # 13 : exp: Zillow: Real Estate, Apartments, Mortgage &amp; Home Values; act: Real Estate, Apartments, Mortgages &amp; Home Values | Zillow]">test_Title_Validation[Iteration # 13 : exp: Zillow: Real Estate, Apartments, Mortgage &amp; Home Values; act: Real Estate, Apartments, Mortgages &amp; Home Values | Zillow]</a>
<div class="detailToggle" style="display:inline"><a href="javascript:toggleDisplay(&apos;core_ValidationTest_test_Title_Validation[Iteration # 13 : exp: Zillow: Real Estate, Apartments, Mortgage &amp; Home Values; act: Real Estate, Apartments, Mortgages &amp; Home Values | Zillow]&apos;);"><span style="display:inline;" id="core_ValidationTest_test_Title_Validation[Iteration # 13 : exp: Zillow: Real Estate, Apartments, Mortgage &amp; Home Values; act: Real Estate, Apartments, Mortgages &amp; Home Values | Zillow]off"> + </span><span style="display:none;" id="core_ValidationTest_test_Title_Validation[Iteration # 13 : exp: Zillow: Real Estate, Apartments, Mortgage &amp; Home Values; act: Real Estate, Apartments, Mortgages &amp; Home Values | Zillow]on"> - </span>[ Detail ]</a></div></td>
<td>0.001</td></tr>
<tr class="a">
<td></td>
<td>FAILED expected:&lt;[Zillow: Real Estate, Apartments, Mortgage &amp; Home Values]&gt; but was:&lt;[Real Estate, Apartments, Mortgages &amp; Home Values | Zillow]&gt;</td>
<td></td></tr>
<tr class="b">
<td></td>
<td>
<div id="core_ValidationTest_test_Title_Validation[Iteration # 13 : exp: Zillow: Real Estate, Apartments, Mortgage &amp; Home Values; act: Real Estate, Apartments, Mortgages &amp; Home Values | Zillow]error" style="display:none;">
<div>
<pre>org.junit.ComparisonFailure: FAILED expected:&lt;[Zillow: Real Estate, Apartments, Mortgage &amp; Home Values]&gt; but was:&lt;[Real Estate, Apartments, Mortgages &amp; Home Values | Zillow]&gt;at org.junit.Assert.assertEquals(Assert.java:115)at core.ValidationTest.test_Title_Validation(ValidationTest.java:44)at sun.reflect.NativeMethodAccessorImpl.invoke0(Native Method)at sun.reflect.NativeMethodAccessorImpl.invoke(NativeMethodAccessorImpl.java:62)at sun.reflect.DelegatingMethodAccessorImpl.invoke(DelegatingMethodAccessorImpl.java:43)at java.lang.reflect.Method.invoke(Method.java:497)at org.junit.runners.model.FrameworkMethod$1.runReflectiveCall(FrameworkMethod.java:50)at org.junit.internal.runners.model.ReflectiveCallable.run(ReflectiveCallable.java:12)at org.junit.runners.model.FrameworkMethod.invokeExplosively(FrameworkMethod.java:47)at org.junit.internal.runners.statements.InvokeMethod.evaluate(InvokeMethod.java:17)at org.junit.runners.ParentRunner.runLeaf(ParentRunner.java:325)at org.junit.runners.BlockJUnit4ClassRunner.runChild(BlockJUnit4ClassRunner.java:78)at org.junit.runners.BlockJUnit4ClassRunner.runChild(BlockJUnit4ClassRunner.java:57)at org.junit.runners.ParentRunner$3.run(ParentRunner.java:290)at org.junit.runners.ParentRunner$1.schedule(ParentRunner.java:71)at org.junit.runners.ParentRunner.runChildren(ParentRunner.java:288)at org.junit.runners.ParentRunner.access$000(ParentRunner.java:58)at org.junit.runners.ParentRunner$2.evaluate(ParentRunner.java:268)at org.junit.runners.ParentRunner.run(ParentRunner.java:363)at org.junit.runners.Suite.runChild(Suite.java:128)at org.junit.runners.Suite.runChild(Suite.java:27)at org.junit.runners.ParentRunner$3.run(ParentRunner.java:290)at org.junit.runners.ParentRunner$1.schedule(ParentRunner.java:71)at org.junit.runners.ParentRunner.runChildren(ParentRunner.java:288)at org.junit.runners.ParentRunner.access$000(ParentRunner.java:58)at org.junit.runners.ParentRunner$2.evaluate(ParentRunner.java:268)at org.junit.internal.runners.statements.RunBefores.evaluate(RunBefores.java:26)at org.junit.runners.ParentRunner.run(ParentRunner.java:363)at org.junit.runners.Suite.runChild(Suite.java:128)at org.junit.runners.Suite.runChild(Suite.java:27)at org.junit.runners.ParentRunner$3.run(ParentRunner.java:290)at org.junit.runners.ParentRunner$1.schedule(ParentRunner.java:71)at org.junit.runners.ParentRunner.runChildren(ParentRunner.java:288)at org.junit.runners.ParentRunner.access$000(ParentRunner.java:58)at org.junit.runners.ParentRunner$2.evaluate(ParentRunner.java:268)at org.junit.runners.ParentRunner.run(ParentRunner.java:363)at org.apache.maven.surefire.junit4.JUnit4Provider.execute(JUnit4Provider.java:252)at org.apache.maven.surefire.junit4.JUnit4Provider.executeTestSet(JUnit4Provider.java:141)at org.apache.maven.surefire.junit4.JUnit4Provider.invoke(JUnit4Provider.java:112)at sun.reflect.NativeMethodAccessorImpl.invoke0(Native Method)at sun.reflect.NativeMethodAccessorImpl.invoke(NativeMethodAccessorImpl.java:62)at sun.reflect.DelegatingMethodAccessorImpl.invoke(DelegatingMethodAccessorImpl.java:43)at java.lang.reflect.Method.invoke(Method.java:497)at org.apache.maven.surefire.util.ReflectionUtils.invokeMethodWithArray(ReflectionUtils.java:189)at org.apache.maven.surefire.booter.ProviderFactory$ProviderProxy.invoke(ProviderFactory.java:165)at org.apache.maven.surefire.booter.ProviderFactory.invokeProvider(ProviderFactory.java:85)at org.apache.maven.surefire.booter.ForkedBooter.runSuitesInProcess(ForkedBooter.java:115)at org.apache.maven.surefire.booter.ForkedBooter.main(ForkedBooter.java:75)</pre></div></div></td>
<td></td></tr>
<tr class="a">
<td><img src="images/icon_success_sml.gif" alt="" /></td>
<td>test_Title_Validation[Iteration # 14 : exp: www.alegro.com; act: www.alegro.com]</td>
<td>0.003</td></tr>
<tr class="b">
<td><a href="#core.ValidationTest.test_Title_Validation[Iteration # 15 : exp: alegro; act: www.alegro.com]"><img src="images/icon_error_sml.gif" alt="" /></a></td>
<td><a href="#core.ValidationTest.test_Title_Validation[Iteration # 15 : exp: alegro; act: www.alegro.com]">test_Title_Validation[Iteration # 15 : exp: alegro; act: www.alegro.com]</a>
<div class="detailToggle" style="display:inline"><a href="javascript:toggleDisplay(&apos;core_ValidationTest_test_Title_Validation[Iteration # 15 : exp: alegro; act: www_alegro_com]&apos;);"><span style="display:inline;" id="core_ValidationTest_test_Title_Validation[Iteration # 15 : exp: alegro; act: www_alegro_com]off"> + </span><span style="display:none;" id="core_ValidationTest_test_Title_Validation[Iteration # 15 : exp: alegro; act: www_alegro_com]on"> - </span>[ Detail ]</a></div></td>
<td>0.016</td></tr>
<tr class="a">
<td></td>
<td>FAILED expected:&lt;[alegro]&gt; but was:&lt;[www.alegro.com]&gt;</td>
<td></td></tr>
<tr class="b">
<td></td>
<td>
<div id="core_ValidationTest_test_Title_Validation[Iteration # 15 : exp: alegro; act: www_alegro_com]error" style="display:none;">
<div>
<pre>org.junit.ComparisonFailure: FAILED expected:&lt;[alegro]&gt; but was:&lt;[www.alegro.com]&gt;</pre></div></div></td>
<td></td></tr>
<tr class="a">
<td><img src="images/icon_success_sml.gif" alt="" /></td>
<td>test_Title_Validation[Iteration # 16 : exp: Software Testing and Software QA Training classes in Bay Area | Portnov Computer School; act: Software Testing and Software QA Training classes in Bay Area | Portnov Computer School]</td>
<td>0.003</td></tr>
<tr class="b">
<td><a href="#core.ValidationTest.test_Title_Validation[Iteration # 17 : exp: Software Testing and Software QA Training classes in Bay Area; act: Software Testing and Software QA Training classes in Bay Area | Portnov Computer School]"><img src="images/icon_error_sml.gif" alt="" /></a></td>
<td><a href="#core.ValidationTest.test_Title_Validation[Iteration # 17 : exp: Software Testing and Software QA Training classes in Bay Area; act: Software Testing and Software QA Training classes in Bay Area | Portnov Computer School]">test_Title_Validation[Iteration # 17 : exp: Software Testing and Software QA Training classes in Bay Area; act: Software Testing and Software QA Training classes in Bay Area | Portnov Computer School]</a>
<div class="detailToggle" style="display:inline"><a href="javascript:toggleDisplay(&apos;core_ValidationTest_test_Title_Validation[Iteration # 17 : exp: Software Testing and Software QA Training classes in Bay Area; act: Software Testing and Software QA Training classes in Bay Area | Portnov Computer School]&apos;);"><span style="display:inline;" id="core_ValidationTest_test_Title_Validation[Iteration # 17 : exp: Software Testing and Software QA Training classes in Bay Area; act: Software Testing and Software QA Training classes in Bay Area | Portnov Computer School]off"> + </span><span style="display:none;" id="core_ValidationTest_test_Title_Validation[Iteration # 17 : exp: Software Testing and Software QA Training classes in Bay Area; act: Software Testing and Software QA Training classes in Bay Area | Portnov Computer School]on"> - </span>[ Detail ]</a></div></td>
<td>0.002</td></tr>
<tr class="a">
<td></td>
<td>FAILED expected:&lt;... classes in Bay Area[]&gt; but was:&lt;... classes in Bay Area[ | Portnov Computer School]&gt;</td>
<td></td></tr>
<tr class="b">
<td></td>
<td>
<div id="core_ValidationTest_test_Title_Validation[Iteration # 17 : exp: Software Testing and Software QA Training classes in Bay Area; act: Software Testing and Software QA Training classes in Bay Area | Portnov Computer School]error" style="display:none;">
<div>
<pre>org.junit.ComparisonFailure: FAILED expected:&lt;... classes in Bay Area[]&gt; but was:&lt;... classes in Bay Area[ | Portnov Computer School]&gt;at org.junit.Assert.assertEquals(Assert.java:115)at core.ValidationTest.test_Title_Validation(ValidationTest.java:44)at sun.reflect.GeneratedMethodAccessor2.invoke(Unknown Source)at sun.reflect.DelegatingMethodAccessorImpl.invoke(DelegatingMethodAccessorImpl.java:43)at java.lang.reflect.Method.invoke(Method.java:497)at org.junit.runners.model.FrameworkMethod$1.runReflectiveCall(FrameworkMethod.java:50)at org.junit.internal.runners.model.ReflectiveCallable.run(ReflectiveCallable.java:12)at org.junit.runners.model.FrameworkMethod.invokeExplosively(FrameworkMethod.java:47)at org.junit.internal.runners.statements.InvokeMethod.evaluate(InvokeMethod.java:17)at org.junit.runners.ParentRunner.runLeaf(ParentRunner.java:325)at org.junit.runners.BlockJUnit4ClassRunner.runChild(BlockJUnit4ClassRunner.java:78)at org.junit.runners.BlockJUnit4ClassRunner.runChild(BlockJUnit4ClassRunner.java:57)at org.junit.runners.ParentRunner$3.run(ParentRunner.java:290)at org.junit.runners.ParentRunner$1.schedule(ParentRunner.java:71)at org.junit.runners.ParentRunner.runChildren(ParentRunner.java:288)at org.junit.runners.ParentRunner.access$000(ParentRunner.java:58)at org.junit.runners.ParentRunner$2.evaluate(ParentRunner.java:268)at org.junit.runners.ParentRunner.run(ParentRunner.java:363)at org.junit.runners.Suite.runChild(Suite.java:128)at org.junit.runners.Suite.runChild(Suite.java:27)at org.junit.runners.ParentRunner$3.run(ParentRunner.java:290)at org.junit.runners.ParentRunner$1.schedule(ParentRunner.java:71)at org.junit.runners.ParentRunner.runChildren(ParentRunner.java:288)at org.junit.runners.ParentRunner.access$000(ParentRunner.java:58)at org.junit.runners.ParentRunner$2.evaluate(ParentRunner.java:268)at org.junit.internal.runners.statements.RunBefores.evaluate(RunBefores.java:26)at org.junit.runners.ParentRunner.run(ParentRunner.java:363)at org.junit.runners.Suite.runChild(Suite.java:128)at org.junit.runners.Suite.runChild(Suite.java:27)at org.junit.runners.ParentRunner$3.run(ParentRunner.java:290)at org.junit.runners.ParentRunner$1.schedule(ParentRunner.java:71)at org.junit.runners.ParentRunner.runChildren(ParentRunner.java:288)at org.junit.runners.ParentRunner.access$000(ParentRunner.java:58)at org.junit.runners.ParentRunner$2.evaluate(ParentRunner.java:268)at org.junit.runners.ParentRunner.run(ParentRunner.java:363)at org.apache.maven.surefire.junit4.JUnit4Provider.execute(JUnit4Provider.java:252)at org.apache.maven.surefire.junit4.JUnit4Provider.executeTestSet(JUnit4Provider.java:141)at org.apache.maven.surefire.junit4.JUnit4Provider.invoke(JUnit4Provider.java:112)at sun.reflect.NativeMethodAccessorImpl.invoke0(Native Method)at sun.reflect.NativeMethodAccessorImpl.invoke(NativeMethodAccessorImpl.java:62)at sun.reflect.DelegatingMethodAccessorImpl.invoke(DelegatingMethodAccessorImpl.java:43)at java.lang.reflect.Method.invoke(Method.java:497)at org.apache.maven.surefire.util.ReflectionUtils.invokeMethodWithArray(ReflectionUtils.java:189)at org.apache.maven.surefire.booter.ProviderFactory$ProviderProxy.invoke(ProviderFactory.java:165)at org.apache.maven.surefire.booter.ProviderFactory.invokeProvider(ProviderFactory.java:85)at org.apache.maven.surefire.booter.ForkedBooter.runSuitesInProcess(ForkedBooter.java:115)at org.apache.maven.surefire.booter.ForkedBooter.main(ForkedBooter.java:75)</pre></div></div></td>
<td></td></tr>
<tr class="a">
<td><img src="images/icon_success_sml.gif" alt="" /></td>
<td>test_Title_Validation[Iteration # 18 : exp: Send Money, Pay Online or Set Up a Merchant Account - PayPal; act: Send Money, Pay Online or Set Up a Merchant Account - PayPal]</td>
<td>0.004</td></tr>
<tr class="b">
<td><a href="#core.ValidationTest.test_Title_Validation[Iteration # 19 : exp: Send Money, Pay Online or Set Up a Merchant Account; act: Send Money, Pay Online or Set Up a Merchant Account - PayPal]"><img src="images/icon_error_sml.gif" alt="" /></a></td>
<td><a href="#core.ValidationTest.test_Title_Validation[Iteration # 19 : exp: Send Money, Pay Online or Set Up a Merchant Account; act: Send Money, Pay Online or Set Up a Merchant Account - PayPal]">test_Title_Validation[Iteration # 19 : exp: Send Money, Pay Online or Set Up a Merchant Account; act: Send Money, Pay Online or Set Up a Merchant Account - PayPal]</a>
<div class="detailToggle" style="display:inline"><a href="javascript:toggleDisplay(&apos;core_ValidationTest_test_Title_Validation[Iteration # 19 : exp: Send Money, Pay Online or Set Up a Merchant Account; act: Send Money, Pay Online or Set Up a Merchant Account - PayPal]&apos;);"><span style="display:inline;" id="core_ValidationTest_test_Title_Validation[Iteration # 19 : exp: Send Money, Pay Online or Set Up a Merchant Account; act: Send Money, Pay Online or Set Up a Merchant Account - PayPal]off"> + </span><span style="display:none;" id="core_ValidationTest_test_Title_Validation[Iteration # 19 : exp: Send Money, Pay Online or Set Up a Merchant Account; act: Send Money, Pay Online or Set Up a Merchant Account - PayPal]on"> - </span>[ Detail ]</a></div></td>
<td>0.002</td></tr>
<tr class="a">
<td></td>
<td>FAILED expected:&lt;...p a Merchant Account[]&gt; but was:&lt;...p a Merchant Account[ - PayPal]&gt;</td>
<td></td></tr>
<tr class="b">
<td></td>
<td>
<div id="core_ValidationTest_test_Title_Validation[Iteration # 19 : exp: Send Money, Pay Online or Set Up a Merchant Account; act: Send Money, Pay Online or Set Up a Merchant Account - PayPal]error" style="display:none;">
<div>
<pre>org.junit.ComparisonFailure: FAILED expected:&lt;...p a Merchant Account[]&gt; but was:&lt;...p a Merchant Account[ - PayPal]&gt;at org.junit.Assert.assertEquals(Assert.java:115)at core.ValidationTest.test_Title_Validation(ValidationTest.java:44)at sun.reflect.GeneratedMethodAccessor2.invoke(Unknown Source)at sun.reflect.DelegatingMethodAccessorImpl.invoke(DelegatingMethodAccessorImpl.java:43)at java.lang.reflect.Method.invoke(Method.java:497)at org.junit.runners.model.FrameworkMethod$1.runReflectiveCall(FrameworkMethod.java:50)at org.junit.internal.runners.model.ReflectiveCallable.run(ReflectiveCallable.java:12)at org.junit.runners.model.FrameworkMethod.invokeExplosively(FrameworkMethod.java:47)at org.junit.internal.runners.statements.InvokeMethod.evaluate(InvokeMethod.java:17)at org.junit.runners.ParentRunner.runLeaf(ParentRunner.java:325)at org.junit.runners.BlockJUnit4ClassRunner.runChild(BlockJUnit4ClassRunner.java:78)at org.junit.runners.BlockJUnit4ClassRunner.runChild(BlockJUnit4ClassRunner.java:57)at org.junit.runners.ParentRunner$3.run(ParentRunner.java:290)at org.junit.runners.ParentRunner$1.schedule(ParentRunner.java:71)at org.junit.runners.ParentRunner.runChildren(ParentRunner.java:288)at org.junit.runners.ParentRunner.access$000(ParentRunner.java:58)at org.junit.runners.ParentRunner$2.evaluate(ParentRunner.java:268)at org.junit.runners.ParentRunner.run(ParentRunner.java:363)at org.junit.runners.Suite.runChild(Suite.java:128)at org.junit.runners.Suite.runChild(Suite.java:27)at org.junit.runners.ParentRunner$3.run(ParentRunner.java:290)at org.junit.runners.ParentRunner$1.schedule(ParentRunner.java:71)at org.junit.runners.ParentRunner.runChildren(ParentRunner.java:288)at org.junit.runners.ParentRunner.access$000(ParentRunner.java:58)at org.junit.runners.ParentRunner$2.evaluate(ParentRunner.java:268)at org.junit.internal.runners.statements.RunBefores.evaluate(RunBefores.java:26)at org.junit.runners.ParentRunner.run(ParentRunner.java:363)at org.junit.runners.Suite.runChild(Suite.java:128)at org.junit.runners.Suite.runChild(Suite.java:27)at org.junit.runners.ParentRunner$3.run(ParentRunner.java:290)at org.junit.runners.ParentRunner$1.schedule(ParentRunner.java:71)at org.junit.runners.ParentRunner.runChildren(ParentRunner.java:288)at org.junit.runners.ParentRunner.access$000(ParentRunner.java:58)at org.junit.runners.ParentRunner$2.evaluate(ParentRunner.java:268)at org.junit.runners.ParentRunner.run(ParentRunner.java:363)at org.apache.maven.surefire.junit4.JUnit4Provider.execute(JUnit4Provider.java:252)at org.apache.maven.surefire.junit4.JUnit4Provider.executeTestSet(JUnit4Provider.java:141)at org.apache.maven.surefire.junit4.JUnit4Provider.invoke(JUnit4Provider.java:112)at sun.reflect.NativeMethodAccessorImpl.invoke0(Native Method)at sun.reflect.NativeMethodAccessorImpl.invoke(NativeMethodAccessorImpl.java:62)at sun.reflect.DelegatingMethodAccessorImpl.invoke(DelegatingMethodAccessorImpl.java:43)at java.lang.reflect.Method.invoke(Method.java:497)at org.apache.maven.surefire.util.ReflectionUtils.invokeMethodWithArray(ReflectionUtils.java:189)at org.apache.maven.surefire.booter.ProviderFactory$ProviderProxy.invoke(ProviderFactory.java:165)at org.apache.maven.surefire.booter.ProviderFactory.invokeProvider(ProviderFactory.java:85)at org.apache.maven.surefire.booter.ForkedBooter.runSuitesInProcess(ForkedBooter.java:115)at org.apache.maven.surefire.booter.ForkedBooter.main(ForkedBooter.java:75)</pre></div></div></td>
<td></td></tr>
<tr class="a">
<td><img src="images/icon_success_sml.gif" alt="" /></td>
<td>test_Title_Validation[Iteration # 20 : exp: Nordstrom Online &amp; In Store: Shoes, Jewelry, Clothing, Makeup, Dresses; act: Nordstrom Online &amp; In Store: Shoes, Jewelry, Clothing, Makeup, Dresses]</td>
<td>0.003</td></tr>
<tr class="b">
<td><a href="#core.ValidationTest.test_Title_Validation[Iteration # 21 : exp: Nordstrom Online &amp; In Store: Shoes, Jewelry, Clothing, Makeup; act: Nordstrom Online &amp; In Store: Shoes, Jewelry, Clothing, Makeup, Dresses]"><img src="images/icon_error_sml.gif" alt="" /></a></td>
<td><a href="#core.ValidationTest.test_Title_Validation[Iteration # 21 : exp: Nordstrom Online &amp; In Store: Shoes, Jewelry, Clothing, Makeup; act: Nordstrom Online &amp; In Store: Shoes, Jewelry, Clothing, Makeup, Dresses]">test_Title_Validation[Iteration # 21 : exp: Nordstrom Online &amp; In Store: Shoes, Jewelry, Clothing, Makeup; act: Nordstrom Online &amp; In Store: Shoes, Jewelry, Clothing, Makeup, Dresses]</a>
<div class="detailToggle" style="display:inline"><a href="javascript:toggleDisplay(&apos;core_ValidationTest_test_Title_Validation[Iteration # 21 : exp: Nordstrom Online &amp; In Store: Shoes, Jewelry, Clothing, Makeup; act: Nordstrom Online &amp; In Store: Shoes, Jewelry, Clothing, Makeup, Dresses]&apos;);"><span style="display:inline;" id="core_ValidationTest_test_Title_Validation[Iteration # 21 : exp: Nordstrom Online &amp; In Store: Shoes, Jewelry, Clothing, Makeup; act: Nordstrom Online &amp; In Store: Shoes, Jewelry, Clothing, Makeup, Dresses]off"> + </span><span style="display:none;" id="core_ValidationTest_test_Title_Validation[Iteration # 21 : exp: Nordstrom Online &amp; In Store: Shoes, Jewelry, Clothing, Makeup; act: Nordstrom Online &amp; In Store: Shoes, Jewelry, Clothing, Makeup, Dresses]on"> - </span>[ Detail ]</a></div></td>
<td>0.004</td></tr>
<tr class="a">
<td></td>
<td>FAILED expected:&lt;...ry, Clothing, Makeup[]&gt; but was:&lt;...ry, Clothing, Makeup[, Dresses]&gt;</td>
<td></td></tr>
<tr class="b">
<td></td>
<td>
<div id="core_ValidationTest_test_Title_Validation[Iteration # 21 : exp: Nordstrom Online &amp; In Store: Shoes, Jewelry, Clothing, Makeup; act: Nordstrom Online &amp; In Store: Shoes, Jewelry, Clothing, Makeup, Dresses]error" style="display:none;">
<div>
<pre>org.junit.ComparisonFailure: FAILED expected:&lt;...ry, Clothing, Makeup[]&gt; but was:&lt;...ry, Clothing, Makeup[, Dresses]&gt;at org.junit.Assert.assertEquals(Assert.java:115)at core.ValidationTest.test_Title_Validation(ValidationTest.java:44)at sun.reflect.GeneratedMethodAccessor2.invoke(Unknown Source)at sun.reflect.DelegatingMethodAccessorImpl.invoke(DelegatingMethodAccessorImpl.java:43)at java.lang.reflect.Method.invoke(Method.java:497)at org.junit.runners.model.FrameworkMethod$1.runReflectiveCall(FrameworkMethod.java:50)at org.junit.internal.runners.model.ReflectiveCallable.run(ReflectiveCallable.java:12)at org.junit.runners.model.FrameworkMethod.invokeExplosively(FrameworkMethod.java:47)at org.junit.internal.runners.statements.InvokeMethod.evaluate(InvokeMethod.java:17)at org.junit.runners.ParentRunner.runLeaf(ParentRunner.java:325)at org.junit.runners.BlockJUnit4ClassRunner.runChild(BlockJUnit4ClassRunner.java:78)at org.junit.runners.BlockJUnit4ClassRunner.runChild(BlockJUnit4ClassRunner.java:57)at org.junit.runners.ParentRunner$3.run(ParentRunner.java:290)at org.junit.runners.ParentRunner$1.schedule(ParentRunner.java:71)at org.junit.runners.ParentRunner.runChildren(ParentRunner.java:288)at org.junit.runners.ParentRunner.access$000(ParentRunner.java:58)at org.junit.runners.ParentRunner$2.evaluate(ParentRunner.java:268)at org.junit.runners.ParentRunner.run(ParentRunner.java:363)at org.junit.runners.Suite.runChild(Suite.java:128)at org.junit.runners.Suite.runChild(Suite.java:27)at org.junit.runners.ParentRunner$3.run(ParentRunner.java:290)at org.junit.runners.ParentRunner$1.schedule(ParentRunner.java:71)at org.junit.runners.ParentRunner.runChildren(ParentRunner.java:288)at org.junit.runners.ParentRunner.access$000(ParentRunner.java:58)at org.junit.runners.ParentRunner$2.evaluate(ParentRunner.java:268)at org.junit.internal.runners.statements.RunBefores.evaluate(RunBefores.java:26)at org.junit.runners.ParentRunner.run(ParentRunner.java:363)at org.junit.runners.Suite.runChild(Suite.java:128)at org.junit.runners.Suite.runChild(Suite.java:27)at org.junit.runners.ParentRunner$3.run(ParentRunner.java:290)at org.junit.runners.ParentRunner$1.schedule(ParentRunner.java:71)at org.junit.runners.ParentRunner.runChildren(ParentRunner.java:288)at org.junit.runners.ParentRunner.access$000(ParentRunner.java:58)at org.junit.runners.ParentRunner$2.evaluate(ParentRunner.java:268)at org.junit.runners.ParentRunner.run(ParentRunner.java:363)at org.apache.maven.surefire.junit4.JUnit4Provider.execute(JUnit4Provider.java:252)at org.apache.maven.surefire.junit4.JUnit4Provider.executeTestSet(JUnit4Provider.java:141)at org.apache.maven.surefire.junit4.JUnit4Provider.invoke(JUnit4Provider.java:112)at sun.reflect.NativeMethodAccessorImpl.invoke0(Native Method)at sun.reflect.NativeMethodAccessorImpl.invoke(NativeMethodAccessorImpl.java:62)at sun.reflect.DelegatingMethodAccessorImpl.invoke(DelegatingMethodAccessorImpl.java:43)at java.lang.reflect.Method.invoke(Method.java:497)at org.apache.maven.surefire.util.ReflectionUtils.invokeMethodWithArray(ReflectionUtils.java:189)at org.apache.maven.surefire.booter.ProviderFactory$ProviderProxy.invoke(ProviderFactory.java:165)at org.apache.maven.surefire.booter.ProviderFactory.invokeProvider(ProviderFactory.java:85)at org.apache.maven.surefire.booter.ForkedBooter.runSuitesInProcess(ForkedBooter.java:115)at org.apache.maven.surefire.booter.ForkedBooter.main(ForkedBooter.java:75)</pre></div></div></td>
<td></td></tr></table></div><br /></div>
<div class="section">
<h2>Failure Details<a name="Failure_Details"></a></h2><a name="Failure_Details"></a>
<p>[<a href="#Summary">Summary</a>] [<a href="#Package_List">Package List</a>] [<a href="#Test_Cases">Test Cases</a>]</p><br />
<table border="1" class="bodyTable">
<tr class="a">
<td><img src="images/icon_error_sml.gif" alt="" /></td>
<td><a name="core.ValidationTest.test_Title_ValidationIteration__1_:_exp:_Bloomberg_act:_Bloomberg_Business"></a>test_Title_Validation[Iteration # 1 : exp: Bloomberg; act: Bloomberg Business]</td></tr>
<tr class="b">
<td></td>
<td>org.junit.ComparisonFailure: FAILED expected:&lt;Bloomberg[]&gt; but was:&lt;Bloomberg[ Business]&gt;</td></tr>                                                                                                                                                                                                
<tr class="a">
<td></td>
<td>
<div id="test_Title_Validation[Iteration # 1 : exp: Bloomberg; act: Bloomberg Business]error">core.ValidationTest:</div></td></tr>
<tr class="b">
<td><img src="images/icon_error_sml.gif" alt="" /></td>
<td><a name="core.ValidationTest.test_Title_ValidationIteration__3_:_exp:_Googoo_act:_Google"></a>test_Title_Validation[Iteration # 3 : exp: Googoo; act: Google]</td></tr>
<tr class="a">
<td></td>
<td>org.junit.ComparisonFailure: FAILED expected:&lt;Goog[oo]&gt; but was:&lt;Goog[le]&gt;</td></tr>                                                                                                                                                                                                
<tr class="b">
<td></td>
<td>
<div id="test_Title_Validation[Iteration # 3 : exp: Googoo; act: Google]error">core.ValidationTest:</div></td></tr>
<tr class="a">
<td><img src="images/icon_error_sml.gif" alt="" /></td>
<td><a name="core.ValidationTest.test_Title_ValidationIteration__5_:_exp:_Sony_USA_-_Electronics_PlayStation_act:_Sony_USA_-_Electronics_PlayStation_Movies_Music_Product_Support"></a>test_Title_Validation[Iteration # 5 : exp: Sony USA - Electronics, PlayStation; act: Sony USA - Electronics, PlayStation, Movies, Music, Product Support]</td></tr>
<tr class="b">
<td></td>
<td>org.junit.ComparisonFailure: FAILED expected:&lt;...tronics, PlayStation[]&gt; but was:&lt;...tronics, PlayStation[, Movies, Music, Product Support]&gt;</td></tr>                                                                                                                                                                                                
<tr class="a">
<td></td>
<td>
<div id="test_Title_Validation[Iteration # 5 : exp: Sony USA - Electronics, PlayStation; act: Sony USA - Electronics, PlayStation, Movies, Music, Product Support]error">core.ValidationTest:</div></td></tr>
<tr class="b">
<td><img src="images/icon_error_sml.gif" alt="" /></td>
<td><a name="core.ValidationTest.test_Title_ValidationIteration__6_:_exp:____Subscription_Billing_and_Recurring_Billing_Experts__Recurly__act:_Subscription_Billing_and_Recurring_Billing_Experts__Recurly"></a>test_Title_Validation[Iteration # 6 : exp:    Subscription Billing and Recurring Billing Experts | Recurly ; act: Subscription Billing and Recurring Billing Experts | Recurly]</td></tr>
<tr class="a">
<td></td>
<td>org.junit.ComparisonFailure: FAILED expected:&lt;[   Subscription Billing and Recurring Billing Experts | Recurly ]&gt; but was:&lt;[Subscription Billing and Recurring Billing Experts | Recurly]&gt;</td></tr>                                                                                                                                                                                                
<tr class="b">
<td></td>
<td>
<div id="test_Title_Validation[Iteration # 6 : exp:    Subscription Billing and Recurring Billing Experts | Recurly ; act: Subscription Billing and Recurring Billing Experts | Recurly]error">core.ValidationTest:</div></td></tr>
<tr class="a">
<td><img src="images/icon_error_sml.gif" alt="" /></td>
<td><a name="core.ValidationTest.test_Title_ValidationIteration__9_:_exp:_Stack_Overflowed_act:_Stack_Overflow"></a>test_Title_Validation[Iteration # 9 : exp: Stack Overflowed; act: Stack Overflow]</td></tr>
<tr class="b">
<td></td>
<td>org.junit.ComparisonFailure: FAILED expected:&lt;Stack Overflow[ed]&gt; but was:&lt;Stack Overflow[]&gt;</td></tr>                                                                                                                                                                                                
<tr class="a">
<td></td>
<td>
<div id="test_Title_Validation[Iteration # 9 : exp: Stack Overflowed; act: Stack Overflow]error">core.ValidationTest:</div></td></tr>
<tr class="b">
<td><img src="images/icon_error_sml.gif" alt="" /></td>
<td><a name="core.ValidationTest.test_Title_ValidationIteration__10_:_exp:_Electronics_Cars_Fashion_Collectibles_Coupons_and_More__eBay__act:_Electronics_Cars_Fashion_Collectibles_Coupons_and_More__eBay"></a>test_Title_Validation[Iteration # 10 : exp: Electronics, Cars, Fashion, Collectibles, Coupons and More | eBay ; act: Electronics, Cars, Fashion, Collectibles, Coupons and More | eBay]</td></tr>
<tr class="a">
<td></td>
<td>org.junit.ComparisonFailure: FAILED expected:&lt;...pons and More | eBay[ ]&gt; but was:&lt;...pons and More | eBay[]&gt;</td></tr>                                                                                                                                                                                                
<tr class="b">
<td></td>
<td>
<div id="test_Title_Validation[Iteration # 10 : exp: Electronics, Cars, Fashion, Collectibles, Coupons and More | eBay ; act: Electronics, Cars, Fashion, Collectibles, Coupons and More | eBay]error">core.ValidationTest:</div></td></tr>
<tr class="a">
<td><img src="images/icon_error_sml.gif" alt="" /></td>
<td><a name="core.ValidationTest.test_Title_ValidationIteration__11_:_exp:_Electronics_Cars_Fashion_Collectibles_Coupons_and_More_act:_Electronics_Cars_Fashion_Collectibles_Coupons_and_More__eBay"></a>test_Title_Validation[Iteration # 11 : exp: Electronics, Cars, Fashion, Collectibles, Coupons and More; act: Electronics, Cars, Fashion, Collectibles, Coupons and More | eBay]</td></tr>
<tr class="b">
<td></td>
<td>org.junit.ComparisonFailure: FAILED expected:&lt;...es, Coupons and More[]&gt; but was:&lt;...es, Coupons and More[ | eBay]&gt;</td></tr>                                                                                                                                                                                                
<tr class="a">
<td></td>
<td>
<div id="test_Title_Validation[Iteration # 11 : exp: Electronics, Cars, Fashion, Collectibles, Coupons and More; act: Electronics, Cars, Fashion, Collectibles, Coupons and More | eBay]error">core.ValidationTest:</div></td></tr>
<tr class="b">
<td><img src="images/icon_error_sml.gif" alt="" /></td>
<td><a name="core.ValidationTest.test_Title_ValidationIteration__12_:_exp:_Zillow:_Real_Estate_Apartments_Mortgage__Home_Values_in_the_US_act:_Real_Estate_Apartments_Mortgages__Home_Values__Zillow"></a>test_Title_Validation[Iteration # 12 : exp: Zillow: Real Estate, Apartments, Mortgage &amp; Home Values in the US; act: Real Estate, Apartments, Mortgages &amp; Home Values | Zillow]</td></tr>
<tr class="a">
<td></td>
<td>org.junit.ComparisonFailure: FAILED expected:&lt;[Zillow: Real Estate, Apartments, Mortgage &amp; Home Values in the US]&gt; but was:&lt;[Real Estate, Apartments, Mortgages &amp; Home Values | Zillow]&gt;</td></tr>                                                                                                                                                                                                
<tr class="b">
<td></td>
<td>
<div id="test_Title_Validation[Iteration # 12 : exp: Zillow: Real Estate, Apartments, Mortgage &amp; Home Values in the US; act: Real Estate, Apartments, Mortgages &amp; Home Values | Zillow]error">core.ValidationTest:</div></td></tr>
<tr class="a">
<td><img src="images/icon_error_sml.gif" alt="" /></td>
<td><a name="core.ValidationTest.test_Title_ValidationIteration__13_:_exp:_Zillow:_Real_Estate_Apartments_Mortgage__Home_Values_act:_Real_Estate_Apartments_Mortgages__Home_Values__Zillow"></a>test_Title_Validation[Iteration # 13 : exp: Zillow: Real Estate, Apartments, Mortgage &amp; Home Values; act: Real Estate, Apartments, Mortgages &amp; Home Values | Zillow]</td></tr>
<tr class="b">
<td></td>
<td>org.junit.ComparisonFailure: FAILED expected:&lt;[Zillow: Real Estate, Apartments, Mortgage &amp; Home Values]&gt; but was:&lt;[Real Estate, Apartments, Mortgages &amp; Home Values | Zillow]&gt;</td></tr>                                                                                                                                                                                                
<tr class="a">
<td></td>
<td>
<div id="test_Title_Validation[Iteration # 13 : exp: Zillow: Real Estate, Apartments, Mortgage &amp; Home Values; act: Real Estate, Apartments, Mortgages &amp; Home Values | Zillow]error">core.ValidationTest:</div></td></tr>
<tr class="b">
<td><img src="images/icon_error_sml.gif" alt="" /></td>
<td><a name="core.ValidationTest.test_Title_ValidationIteration__15_:_exp:_alegro_act:_www.alegro.com"></a>test_Title_Validation[Iteration # 15 : exp: alegro; act: www.alegro.com]</td></tr>
<tr class="a">
<td></td>
<td>org.junit.ComparisonFailure: FAILED expected:&lt;[alegro]&gt; but was:&lt;[www.alegro.com]&gt;</td></tr>
<tr class="b">
<td></td>
<td>
<div id="test_Title_Validation[Iteration # 15 : exp: alegro; act: www.alegro.com]error">core.ValidationTest:</div></td></tr>
<tr class="a">
<td><img src="images/icon_error_sml.gif" alt="" /></td>
<td><a name="core.ValidationTest.test_Title_ValidationIteration__17_:_exp:_Software_Testing_and_Software_QA_Training_classes_in_Bay_Area_act:_Software_Testing_and_Software_QA_Training_classes_in_Bay_Area__Portnov_Computer_School"></a>test_Title_Validation[Iteration # 17 : exp: Software Testing and Software QA Training classes in Bay Area; act: Software Testing and Software QA Training classes in Bay Area | Portnov Computer School]</td></tr>
<tr class="b">
<td></td>
<td>org.junit.ComparisonFailure: FAILED expected:&lt;... classes in Bay Area[]&gt; but was:&lt;... classes in Bay Area[ | Portnov Computer School]&gt;</td></tr>                                                                                                                                                                                            
<tr class="a">
<td></td>
<td>
<div id="test_Title_Validation[Iteration # 17 : exp: Software Testing and Software QA Training classes in Bay Area; act: Software Testing and Software QA Training classes in Bay Area | Portnov Computer School]error">core.ValidationTest:</div></td></tr>
<tr class="b">
<td><img src="images/icon_error_sml.gif" alt="" /></td>
<td><a name="core.ValidationTest.test_Title_ValidationIteration__19_:_exp:_Send_Money_Pay_Online_or_Set_Up_a_Merchant_Account_act:_Send_Money_Pay_Online_or_Set_Up_a_Merchant_Account_-_PayPal"></a>test_Title_Validation[Iteration # 19 : exp: Send Money, Pay Online or Set Up a Merchant Account; act: Send Money, Pay Online or Set Up a Merchant Account - PayPal]</td></tr>
<tr class="a">
<td></td>
<td>org.junit.ComparisonFailure: FAILED expected:&lt;...p a Merchant Account[]&gt; but was:&lt;...p a Merchant Account[ - PayPal]&gt;</td></tr>                                                                                                                                                                                            
<tr class="b">
<td></td>
<td>
<div id="test_Title_Validation[Iteration # 19 : exp: Send Money, Pay Online or Set Up a Merchant Account; act: Send Money, Pay Online or Set Up a Merchant Account - PayPal]error">core.ValidationTest:</div></td></tr>
<tr class="a">
<td><img src="images/icon_error_sml.gif" alt="" /></td>
<td><a name="core.ValidationTest.test_Title_ValidationIteration__21_:_exp:_Nordstrom_Online__In_Store:_Shoes_Jewelry_Clothing_Makeup_act:_Nordstrom_Online__In_Store:_Shoes_Jewelry_Clothing_Makeup_Dresses"></a>test_Title_Validation[Iteration # 21 : exp: Nordstrom Online &amp; In Store: Shoes, Jewelry, Clothing, Makeup; act: Nordstrom Online &amp; In Store: Shoes, Jewelry, Clothing, Makeup, Dresses]</td></tr>
<tr class="b">
<td></td>
<td>org.junit.ComparisonFailure: FAILED expected:&lt;...ry, Clothing, Makeup[]&gt; but was:&lt;...ry, Clothing, Makeup[, Dresses]&gt;</td></tr>                                                                                                                                                                                            
<tr class="a">
<td></td>
<td>
<div id="test_Title_Validation[Iteration # 21 : exp: Nordstrom Online &amp; In Store: Shoes, Jewelry, Clothing, Makeup; act: Nordstrom Online &amp; In Store: Shoes, Jewelry, Clothing, Makeup, Dresses]error">core.ValidationTest:</div></td></tr></table><br /></div>
      </div>
    </div>
    <div class="clear">
      <hr/>
    </div>
    <div id="footer">
      <div class="xright">
              Copyright &#169;                   2015.
          All Rights Reserved.      
                    
                  </div>
      <div class="clear">
        <hr/>
      </div>
    </div>
  </body>
</html>
